2024-07-02 18:49:07.199 [info] Reading sessions from keychain...
2024-07-02 18:49:07.199 [info] Getting sessions for all scopes...
2024-07-02 18:49:07.199 [info] Getting sessions for all scopes...
2024-07-02 18:49:07.199 [info] Getting sessions for read:user,repo,user:email,workflow...
2024-07-02 18:49:07.422 [info] Got 0 sessions for ...
2024-07-02 18:49:07.422 [info] Got 0 sessions for ...
2024-07-02 18:49:07.423 [info] Got 0 sessions for read:user,repo,user:email,workflow...
2024-07-02 18:49:37.580 [info] Getting sessions for user:email...
2024-07-02 18:49:37.580 [info] Got 0 sessions for user:email...
2024-07-02 18:49:38.733 [info] Logging in for the following scopes: user:email
2024-07-02 18:49:38.737 [info] Trying without local server... (user:email)
2024-07-02 18:53:53.088 [error] User Cancelled
2024-07-02 18:53:55.347 [info] Trying with local server... (user:email)
2024-07-02 18:55:05.220 [error] User Cancelled
2024-07-02 18:55:35.245 [info] Trying device code flow... (user:email)
2024-07-02 18:55:51.680 [info] Getting user info...
2024-07-02 18:55:52.063 [info] Got account info!
2024-07-02 18:55:52.063 [info] Storing 1 sessions...
2024-07-02 18:55:52.066 [info] Reading sessions from keychain...
2024-07-02 18:55:52.066 [info] Stored 1 sessions!
2024-07-02 18:55:52.066 [info] Login success!
2024-07-02 18:55:52.079 [info] Got stored sessions!
2024-07-02 18:55:52.080 [info] Got 1 verified sessions.
2024-07-02 18:55:52.080 [info] Getting sessions for user:email...
2024-07-02 18:55:52.080 [info] Got 1 sessions for user:email...
2024-07-02 18:55:52.081 [info] Getting sessions for read:user,repo,user:email,workflow...
2024-07-02 18:55:52.081 [info] Got 0 sessions for read:user,repo,user:email,workflow...
