2024-07-02 18:57:09.380 [info] Extension host with pid 61121 started
2024-07-02 18:57:09.380 [info] Skipping acquiring lock for /home/autummata/.config/Code/User/workspaceStorage/f1ca0dd792e3f224bef4696e2f5a18aa.
2024-07-02 18:57:09.458 [info] ExtensionService#_doActivateExtension vscode.git-base, startup: true, activationEvent: '*', root cause: vscode.git
2024-07-02 18:57:09.460 [info] ExtensionService#_doActivateExtension vscode.npm, startup: true, activationEvent: 'workspaceContains:package.json'
2024-07-02 18:57:09.557 [info] ExtensionService#_doActivateExtension vscode.git, startup: true, activationEvent: '*'
2024-07-02 18:57:09.593 [info] ExtensionService#_doActivateExtension vscode.github, startup: true, activationEvent: '*'
2024-07-02 18:57:09.649 [info] Eager extensions activated
2024-07-02 18:57:09.699 [info] ExtensionService#_doActivateExtension vscode.debug-auto-launch, startup: false, activationEvent: 'onStartupFinished'
2024-07-02 18:57:09.700 [info] ExtensionService#_doActivateExtension vscode.merge-conflict, startup: false, activationEvent: 'onStartupFinished'
2024-07-02 18:57:09.763 [info] ExtensionService#_doActivateExtension vscode.emmet, startup: false, activationEvent: 'onLanguage'
2024-07-02 18:57:09.844 [info] ExtensionService#_doActivateExtension vscode.github-authentication, startup: false, activationEvent: 'onAuthenticationRequest:github'
2024-07-02 18:57:12.878 [info] ExtensionService#_doActivateExtension vscode.json-language-features, startup: false, activationEvent: 'onLanguage:jsonc'
2024-07-02 18:57:12.966 [info] ExtensionService#_doActivateExtension vscode.typescript-language-features, startup: false, activationEvent: 'onLanguage:jsonc'
2024-07-02 18:57:31.634 [warning] vscode.json-language-features - Code actions of kind 'source.fixAll.eslint 'requested but returned code action is of kind 'source.sort.json'. Code action will be dropped. Please check 'CodeActionContext.only' to only return requested code actions.
2024-07-02 18:57:32.811 [info] ExtensionService#_doActivateExtension vscode.media-preview, startup: false, activationEvent: 'onCustomEditor:imagePreview.previewEditor'
2024-07-02 18:57:52.034 [info] ExtensionService#_doActivateExtension PKief.material-icon-theme, startup: false, activationEvent: 'onStartupFinished'
2024-07-02 19:00:16.101 [info] ExtensionService#_doActivateExtension vscode.extension-editing, startup: false, activationEvent: 'onLanguage:json'
2024-07-02 19:07:08.172 [info] ExtensionService#_doActivateExtension icrawl.discord-vscode, startup: false, activationEvent: '*'
2024-07-02 19:10:24.717 [warning] vscode.json-language-features - Code actions of kind 'source.fixAll.eslint 'requested but returned code action is of kind 'source.sort.json'. Code action will be dropped. Please check 'CodeActionContext.only' to only return requested code actions.
2024-07-02 19:12:18.486 [info] ExtensionService#_doActivateExtension esbenp.prettier-vscode, startup: false, activationEvent: 'onStartupFinished'
2024-07-02 19:14:06.398 [warning] vscode.json-language-features - Code actions of kind 'source.fixAll.eslint 'requested but returned code action is of kind 'source.sort.json'. Code action will be dropped. Please check 'CodeActionContext.only' to only return requested code actions.
2024-07-02 19:19:32.202 [error] [vscode.typescript-language-features] provider FAILED
2024-07-02 19:19:32.202 [error] Error: <semantic> TypeScript Server Error (5.4.5)
Debug Failure. False expression.
Error: Debug Failure. False expression.
    at getCompletionEntryCodeActionsAndSourceDisplay (/usr/share/code/resources/app/extensions/node_modules/typescript/lib/tsserver.js:160719:9)
    at Object.getCompletionEntryDetails (/usr/share/code/resources/app/extensions/node_modules/typescript/lib/tsserver.js:160570:46)
    at Object.getCompletionEntryDetails2 [as getCompletionEntryDetails] (/usr/share/code/resources/app/extensions/node_modules/typescript/lib/tsserver.js:146566:35)
    at /usr/share/code/resources/app/extensions/node_modules/typescript/lib/tsserver.js:186863:43
    at mapDefined (/usr/share/code/resources/app/extensions/node_modules/typescript/lib/tsserver.js:2680:22)
    at IpcIOSession.getCompletionEntryDetails (/usr/share/code/resources/app/extensions/node_modules/typescript/lib/tsserver.js:186861:20)
    at completionEntryDetails (/usr/share/code/resources/app/extensions/node_modules/typescript/lib/tsserver.js:185184:43)
    at /usr/share/code/resources/app/extensions/node_modules/typescript/lib/tsserver.js:187569:69
    at IpcIOSession.executeWithRequestId (/usr/share/code/resources/app/extensions/node_modules/typescript/lib/tsserver.js:187561:14)
    at IpcIOSession.executeCommand (/usr/share/code/resources/app/extensions/node_modules/typescript/lib/tsserver.js:187569:29)
    at IpcIOSession.onMessage (/usr/share/code/resources/app/extensions/node_modules/typescript/lib/tsserver.js:187611:51)
    at process.<anonymous> (/usr/share/code/resources/app/extensions/node_modules/typescript/lib/tsserver.js:189220:14)
    at process.emit (node:events:514:28)
    at emit (node:internal/child_process:951:14)
    at process.processTicksAndRejections (node:internal/process/task_queues:83:21)
	at n.create (/usr/share/code/resources/app/extensions/typescript-language-features/dist/extension.js:1:473136)
	at v.dispatchResponse (/usr/share/code/resources/app/extensions/typescript-language-features/dist/extension.js:1:467106)
	at v.dispatchMessage (/usr/share/code/resources/app/extensions/typescript-language-features/dist/extension.js:1:465950)
	at ChildProcess.<anonymous> (/usr/share/code/resources/app/extensions/typescript-language-features/dist/extension.js:1:465443)
	at ChildProcess.emit (node:events:514:28)
	at emit (node:internal/child_process:951:14)
	at process.processTicksAndRejections (node:internal/process/task_queues:83:21)
2024-07-02 19:19:32.340 [error] Error: <semantic> TypeScript Server Error (5.4.5)
Debug Failure. False expression.
Error: Debug Failure. False expression.
    at getCompletionEntryCodeActionsAndSourceDisplay (/usr/share/code/resources/app/extensions/node_modules/typescript/lib/tsserver.js:160719:9)
    at Object.getCompletionEntryDetails (/usr/share/code/resources/app/extensions/node_modules/typescript/lib/tsserver.js:160570:46)
    at Object.getCompletionEntryDetails2 [as getCompletionEntryDetails] (/usr/share/code/resources/app/extensions/node_modules/typescript/lib/tsserver.js:146566:35)
    at /usr/share/code/resources/app/extensions/node_modules/typescript/lib/tsserver.js:186863:43
    at mapDefined (/usr/share/code/resources/app/extensions/node_modules/typescript/lib/tsserver.js:2680:22)
    at IpcIOSession.getCompletionEntryDetails (/usr/share/code/resources/app/extensions/node_modules/typescript/lib/tsserver.js:186861:20)
    at completionEntryDetails (/usr/share/code/resources/app/extensions/node_modules/typescript/lib/tsserver.js:185184:43)
    at /usr/share/code/resources/app/extensions/node_modules/typescript/lib/tsserver.js:187569:69
    at IpcIOSession.executeWithRequestId (/usr/share/code/resources/app/extensions/node_modules/typescript/lib/tsserver.js:187561:14)
    at IpcIOSession.executeCommand (/usr/share/code/resources/app/extensions/node_modules/typescript/lib/tsserver.js:187569:29)
    at IpcIOSession.onMessage (/usr/share/code/resources/app/extensions/node_modules/typescript/lib/tsserver.js:187611:51)
    at process.<anonymous> (/usr/share/code/resources/app/extensions/node_modules/typescript/lib/tsserver.js:189220:14)
    at process.emit (node:events:514:28)
    at emit (node:internal/child_process:951:14)
    at process.processTicksAndRejections (node:internal/process/task_queues:83:21)
	at n.create (/usr/share/code/resources/app/extensions/typescript-language-features/dist/extension.js:1:473136)
	at v.dispatchResponse (/usr/share/code/resources/app/extensions/typescript-language-features/dist/extension.js:1:467106)
	at v.dispatchMessage (/usr/share/code/resources/app/extensions/typescript-language-features/dist/extension.js:1:465950)
	at ChildProcess.<anonymous> (/usr/share/code/resources/app/extensions/typescript-language-features/dist/extension.js:1:465443)
	at ChildProcess.emit (node:events:514:28)
	at emit (node:internal/child_process:951:14)
	at process.processTicksAndRejections (node:internal/process/task_queues:83:21) _typescript.applyCompletionCommand {"value":"vscode.typescript-language-features","_lower":"vscode.typescript-language-features"}
2024-07-02 19:19:32.340 [error] Error: <semantic> TypeScript Server Error (5.4.5)
Debug Failure. False expression.
Error: Debug Failure. False expression.
    at getCompletionEntryCodeActionsAndSourceDisplay (/usr/share/code/resources/app/extensions/node_modules/typescript/lib/tsserver.js:160719:9)
    at Object.getCompletionEntryDetails (/usr/share/code/resources/app/extensions/node_modules/typescript/lib/tsserver.js:160570:46)
    at Object.getCompletionEntryDetails2 [as getCompletionEntryDetails] (/usr/share/code/resources/app/extensions/node_modules/typescript/lib/tsserver.js:146566:35)
    at /usr/share/code/resources/app/extensions/node_modules/typescript/lib/tsserver.js:186863:43
    at mapDefined (/usr/share/code/resources/app/extensions/node_modules/typescript/lib/tsserver.js:2680:22)
    at IpcIOSession.getCompletionEntryDetails (/usr/share/code/resources/app/extensions/node_modules/typescript/lib/tsserver.js:186861:20)
    at completionEntryDetails (/usr/share/code/resources/app/extensions/node_modules/typescript/lib/tsserver.js:185184:43)
    at /usr/share/code/resources/app/extensions/node_modules/typescript/lib/tsserver.js:187569:69
    at IpcIOSession.executeWithRequestId (/usr/share/code/resources/app/extensions/node_modules/typescript/lib/tsserver.js:187561:14)
    at IpcIOSession.executeCommand (/usr/share/code/resources/app/extensions/node_modules/typescript/lib/tsserver.js:187569:29)
    at IpcIOSession.onMessage (/usr/share/code/resources/app/extensions/node_modules/typescript/lib/tsserver.js:187611:51)
    at process.<anonymous> (/usr/share/code/resources/app/extensions/node_modules/typescript/lib/tsserver.js:189220:14)
    at process.emit (node:events:514:28)
    at emit (node:internal/child_process:951:14)
    at process.processTicksAndRejections (node:internal/process/task_queues:83:21)
	at n.create (/usr/share/code/resources/app/extensions/typescript-language-features/dist/extension.js:1:473136)
	at v.dispatchResponse (/usr/share/code/resources/app/extensions/typescript-language-features/dist/extension.js:1:467106)
	at v.dispatchMessage (/usr/share/code/resources/app/extensions/typescript-language-features/dist/extension.js:1:465950)
	at ChildProcess.<anonymous> (/usr/share/code/resources/app/extensions/typescript-language-features/dist/extension.js:1:465443)
	at ChildProcess.emit (node:events:514:28)
	at emit (node:internal/child_process:951:14)
	at process.processTicksAndRejections (node:internal/process/task_queues:83:21) _typescript.applyCompletionCommand undefined
2024-07-02 21:03:09.211 [warning] [Decorations] CAPPING events from decorations provider vscode.git 254
2024-07-02 21:03:14.264 [warning] [Decorations] CAPPING events from decorations provider vscode.git 273
