2024-07-02 18:57:09.898 [info] Reading sessions from keychain...
2024-07-02 18:57:09.898 [info] Getting sessions for all scopes...
2024-07-02 18:57:09.898 [info] Getting sessions for user:email...
2024-07-02 18:57:09.901 [info] Getting sessions for read:user,repo,user:email,workflow...
2024-07-02 18:57:10.073 [info] Got stored sessions!
2024-07-02 18:57:10.073 [info] Got 1 verified sessions.
2024-07-02 18:57:10.073 [info] Got 1 sessions for ...
2024-07-02 18:57:10.073 [info] Got 1 sessions for user:email...
2024-07-02 18:57:10.073 [info] Got 0 sessions for read:user,repo,user:email,workflow...
2024-07-02 19:17:02.495 [info] Getting sessions for read:user,repo,user:email,workflow...
2024-07-02 19:17:02.495 [info] Got 0 sessions for read:user,repo,user:email,workflow...
2024-07-02 19:17:03.971 [info] Logging in for the following scopes: read:user repo user:email workflow
2024-07-02 19:17:03.993 [info] Trying without local server... (read:user repo user:email workflow)
2024-07-02 19:17:06.684 [info] Exchanging code for token...
2024-07-02 19:17:07.035 [info] Token exchange success!
2024-07-02 19:17:07.037 [info] Getting user info...
2024-07-02 19:17:07.409 [info] Got account info!
2024-07-02 19:17:07.410 [info] Storing 2 sessions...
2024-07-02 19:17:07.414 [info] Reading sessions from keychain...
2024-07-02 19:17:07.415 [info] Stored 2 sessions!
2024-07-02 19:17:07.415 [info] Login success!
2024-07-02 19:17:07.419 [info] Getting sessions for user:email...
2024-07-02 19:17:07.421 [info] Getting sessions for user:email...
2024-07-02 19:17:07.464 [info] Got stored sessions!
2024-07-02 19:17:07.464 [info] Got 2 verified sessions.
2024-07-02 19:17:07.464 [info] Got 1 sessions for user:email...
2024-07-02 19:17:07.464 [info] Got 1 sessions for user:email...
2024-07-02 19:17:07.905 [info] Getting sessions for read:user,repo,user:email,workflow...
2024-07-02 19:17:07.905 [info] Got 1 sessions for read:user,repo,user:email,workflow...
2024-07-02 19:17:07.957 [info] Getting sessions for read:user,repo,user:email,workflow...
2024-07-02 19:17:07.957 [info] Got 1 sessions for read:user,repo,user:email,workflow...
2024-07-02 19:18:00.794 [info] Getting sessions for read:user,repo,user:email,workflow...
2024-07-02 19:18:00.794 [info] Got 1 sessions for read:user,repo,user:email,workflow...
2024-07-02 21:03:19.786 [info] Getting sessions for read:user,repo,user:email,workflow...
2024-07-02 21:03:19.786 [info] Got 1 sessions for read:user,repo,user:email,workflow...
2024-07-02 21:07:35.558 [info] Getting sessions for read:user,repo,user:email,workflow...
2024-07-02 21:07:35.558 [info] Got 1 sessions for read:user,repo,user:email,workflow...
